<?xml version="1.0" encoding="UTF-8"?>
<testsuite name="com.sanwaf.core.ParameterLengthsTest" time="0.002" tests="8" errors="0" skipped="0" failures="0">
  <properties>
    <property name="java.runtime.name" value="OpenJDK Runtime Environment"/>
    <property name="sun.boot.library.path" value="C:\dev\software\zulu8.21.0.1-jdk8.0.131-win_x64\jre\bin"/>
    <property name="java.vm.version" value="25.131-b11"/>
    <property name="java.vm.vendor" value="Azul Systems, Inc."/>
    <property name="maven.multiModuleProjectDirectory" value="C:\b\_myProjects\Sanwaf"/>
    <property name="java.vendor.url" value="http://www.azulsystems.com/"/>
    <property name="path.separator" value=";"/>
    <property name="guice.disable.misplaced.annotation.check" value="true"/>
    <property name="java.vm.name" value="OpenJDK 64-Bit Server VM"/>
    <property name="file.encoding.pkg" value="sun.io"/>
    <property name="user.script" value=""/>
    <property name="user.country" value="US"/>
    <property name="sun.java.launcher" value="SUN_STANDARD"/>
    <property name="sun.os.patch.level" value=""/>
    <property name="java.vm.specification.name" value="Java Virtual Machine Specification"/>
    <property name="user.dir" value="C:\b\_myProjects\Sanwaf"/>
    <property name="java.runtime.version" value="1.8.0_131-b11"/>
    <property name="java.awt.graphicsenv" value="sun.awt.Win32GraphicsEnvironment"/>
    <property name="basedir" value="C:\b\_myProjects\Sanwaf"/>
    <property name="java.endorsed.dirs" value="C:\dev\software\zulu8.21.0.1-jdk8.0.131-win_x64\jre\lib\endorsed"/>
    <property name="os.arch" value="amd64"/>
    <property name="java.io.tmpdir" value="C:\Users\sanchb\AppData\Local\Temp\"/>
    <property name="line.separator" value="&#10;"/>
    <property name="java.vm.specification.vendor" value="Oracle Corporation"/>
    <property name="user.variant" value=""/>
    <property name="os.name" value="Windows 10"/>
    <property name="classworlds.conf" value="C:\dev\software\apache-maven-3.3.9\bin\..\bin\m2.conf"/>
    <property name="sun.jnu.encoding" value="Cp1252"/>
    <property name="java.library.path" value="C:\dev\software\zulu8.21.0.1-jdk8.0.131-win_x64\bin;C:\WINDOWS\Sun\Java\bin;C:\WINDOWS\system32;C:\WINDOWS;C:\ProgramData\DockerDesktop\version-bin;C:\Program Files\Docker\Docker\Resources\bin;C:\Program Files (x86)\Microsoft SDKs\Azure\CLI2\wbin;C:\dev\software\fortify-19.10\bin;C:\dev\software\apache-ant-1.8.2\bin;C:\dev\software\zulu8.21.0.1-jdk8.0.131-win_x64\bin;C:\dev\software\apache-maven-3.3.9\bin;C:\dev\software\GitBash\bin;C:\WINDOWS\system32;C:\WINDOWS;C:\WINDOWS\System32\Wbem;C:\WINDOWS\System32\WindowsPowerShell\v1.0\;C:\dev\software\TortoiseGit\bin;C:\dev\software\Silk-Subversion\bin\;C:\dev\software\Putty\;C:\dev\software\GitBash\Git\cmd;C:\Program Files\TortoiseSVN\bin;C:\dev\software\GIT BASH\Git\cmd;C:\Program Files\SourceGear\Common\DiffMerge\;C:\Program Files (x86)\Intel\Intel(R) Management Engine Components\DAL;C:\Program Files\Intel\Intel(R) Management Engine Components\DAL;C:\WINDOWS\System32\OpenSSH\;C:\Program Files (x86)\Microsoft SQL Server\150\DTS\Binn\;c:\python27;C:\Python27\Scripts;C:\Python371;C:\Program Files\dotnet\;C:\Program Files\Microsoft SQL Server\130\Tools\Binn\;C:\Program Files\Microsoft SQL Server\Client SDK\ODBC\170\Tools\Binn\;C:\Program Files (x86)\Sennheiser\SoftphoneSDK\;C:\Python371\Scripts;C:\Program Files\Intel\WiFi\bin\;C:\Program Files\Common Files\Intel\WirelessCommon\;C:\Users\sanchb\AppData\Local\Microsoft\WindowsApps;;C:\Users\sanchb\AppData\Local\Programs\Fiddler;%USERPROFILE%\AppData\Local\Microsoft\WindowsApps;."/>
    <property name="surefire.test.class.path" value="C:\b\_myProjects\Sanwaf\target\test-classes;C:\b\_myProjects\Sanwaf\target\classes;C:\Users\sanchb\.m2\repository\org\apache\tomcat\tomcat-servlet-api\7.0.59\tomcat-servlet-api-7.0.59.jar;C:\Users\sanchb\.m2\repository\junit\junit\4.11\junit-4.11.jar;C:\Users\sanchb\.m2\repository\org\mockito\mockito-all\1.10.19\mockito-all-1.10.19.jar;C:\Users\sanchb\.m2\repository\org\powermock\powermock-module-junit4\1.6.2\powermock-module-junit4-1.6.2.jar;C:\Users\sanchb\.m2\repository\org\powermock\powermock-module-junit4-common\1.6.2\powermock-module-junit4-common-1.6.2.jar;C:\Users\sanchb\.m2\repository\org\powermock\powermock-core\1.6.2\powermock-core-1.6.2.jar;C:\Users\sanchb\.m2\repository\org\javassist\javassist\3.19.0-GA\javassist-3.19.0-GA.jar;C:\Users\sanchb\.m2\repository\org\powermock\powermock-reflect\1.6.2\powermock-reflect-1.6.2.jar;C:\Users\sanchb\.m2\repository\org\objenesis\objenesis\2.1\objenesis-2.1.jar;C:\Users\sanchb\.m2\repository\org\powermock\powermock-api-mockito\1.6.2\powermock-api-mockito-1.6.2.jar;C:\Users\sanchb\.m2\repository\org\powermock\powermock-api-support\1.6.2\powermock-api-support-1.6.2.jar;C:\Users\sanchb\.m2\repository\org\springframework\spring-test\4.2.3.RELEASE\spring-test-4.2.3.RELEASE.jar;C:\Users\sanchb\.m2\repository\org\springframework\spring-core\4.2.3.RELEASE\spring-core-4.2.3.RELEASE.jar;C:\Users\sanchb\.m2\repository\commons-logging\commons-logging\1.2\commons-logging-1.2.jar;C:\b\_myProjects\Sanwaf/classes;C:\b\_myProjects\Sanwaf;"/>
    <property name="java.specification.name" value="Java Platform API Specification"/>
    <property name="java.class.version" value="52.0"/>
    <property name="sun.management.compiler" value="HotSpot 64-Bit Tiered Compilers"/>
    <property name="os.version" value="10.0"/>
    <property name="user.home" value="C:\Users\sanchb"/>
    <property name="user.timezone" value="America/Indianapolis"/>
    <property name="java.awt.printerjob" value="sun.awt.windows.WPrinterJob"/>
    <property name="java.specification.version" value="1.8"/>
    <property name="file.encoding" value="Cp1252"/>
    <property name="user.name" value="sanchb"/>
    <property name="java.class.path" value="C:\dev\software\apache-maven-3.3.9\bin\..\boot\plexus-classworlds-2.5.2.jar"/>
    <property name="java.vm.specification.version" value="1.8"/>
    <property name="sun.arch.data.model" value="64"/>
    <property name="java.home" value="C:\dev\software\zulu8.21.0.1-jdk8.0.131-win_x64\jre"/>
    <property name="sun.java.command" value="org.codehaus.plexus.classworlds.launcher.Launcher clean package install"/>
    <property name="java.specification.vendor" value="Oracle Corporation"/>
    <property name="user.language" value="en"/>
    <property name="awt.toolkit" value="sun.awt.windows.WToolkit"/>
    <property name="java.vm.info" value="mixed mode"/>
    <property name="java.version" value="1.8.0_131"/>
    <property name="java.ext.dirs" value="C:\dev\software\zulu8.21.0.1-jdk8.0.131-win_x64\jre\lib\ext;C:\WINDOWS\Sun\Java\lib\ext"/>
    <property name="sun.boot.class.path" value="C:\dev\software\zulu8.21.0.1-jdk8.0.131-win_x64\jre\lib\resources.jar;C:\dev\software\zulu8.21.0.1-jdk8.0.131-win_x64\jre\lib\rt.jar;C:\dev\software\zulu8.21.0.1-jdk8.0.131-win_x64\jre\lib\sunrsasign.jar;C:\dev\software\zulu8.21.0.1-jdk8.0.131-win_x64\jre\lib\jsse.jar;C:\dev\software\zulu8.21.0.1-jdk8.0.131-win_x64\jre\lib\jce.jar;C:\dev\software\zulu8.21.0.1-jdk8.0.131-win_x64\jre\lib\charsets.jar;C:\dev\software\zulu8.21.0.1-jdk8.0.131-win_x64\jre\lib\jfr.jar;C:\dev\software\zulu8.21.0.1-jdk8.0.131-win_x64\jre\classes"/>
    <property name="sun.stderr.encoding" value="cp437"/>
    <property name="java.vendor" value="Azul Systems, Inc."/>
    <property name="maven.home" value="C:\dev\software\apache-maven-3.3.9\bin\.."/>
    <property name="localRepository" value="C:\Users\sanchb\.m2\repository"/>
    <property name="file.separator" value="\"/>
    <property name="java.vendor.url.bug" value="http://www.azulsystems.com/support/"/>
    <property name="sun.cpu.endian" value="little"/>
    <property name="sun.io.unicode.encoding" value="UnicodeLittle"/>
    <property name="sun.stdout.encoding" value="cp437"/>
    <property name="sun.desktop" value="windows"/>
    <property name="sun.cpu.isalist" value="amd64"/>
  </properties>
  <testcase name="TestMaxMinLength" classname="com.sanwaf.core.ParameterLengthsTest" time="0"/>
  <testcase name="testChar" classname="com.sanwaf.core.ParameterLengthsTest" time="0"/>
  <testcase name="testAlphanumeric" classname="com.sanwaf.core.ParameterLengthsTest" time="0"/>
  <testcase name="testNumericDelimited" classname="com.sanwaf.core.ParameterLengthsTest" time="0.001"/>
  <testcase name="testCustomRegex" classname="com.sanwaf.core.ParameterLengthsTest" time="0.001"/>
  <testcase name="testNumeric" classname="com.sanwaf.core.ParameterLengthsTest" time="0"/>
  <testcase name="testAlphanumericAndMore" classname="com.sanwaf.core.ParameterLengthsTest" time="0"/>
  <testcase name="testStringType" classname="com.sanwaf.core.ParameterLengthsTest" time="0"/>
</testsuite>